<?xml version="1.0" encoding="utf-8"?><testsuites name="pytest tests"><testsuite name="pytest" errors="0" failures="0" skipped="0" tests="13" time="65.881" timestamp="2026-02-20T17:17:21.807654+00:00" hostname="agent-env-f2e21f1d-99b9-4e78-9d7b-304b7b13f3cd"><testcase classname="backend.tests.test_ai_features.TestAuth" name="test_auth_required_for_smart_search" time="0.255" /><testcase classname="backend.tests.test_ai_features.TestAuth" name="test_auth_required_for_email_drafting" time="0.079" /><testcase classname="backend.tests.test_ai_features.TestAuth" name="test_auth_required_for_lead_summary" time="0.067" /><testcase classname="backend.tests.test_ai_features.TestSmartSearch" name="test_smart_search_basic_query" time="2.679" /><testcase classname="backend.tests.test_ai_features.TestSmartSearch" name="test_smart_search_natural_language_query" time="1.233" /><testcase classname="backend.tests.test_ai_features.TestSmartSearch" name="test_smart_search_empty_results" time="0.965" /><testcase classname="backend.tests.test_ai_features.TestAIEmailDrafting" name="test_draft_email_introduction" time="5.461" /><testcase classname="backend.tests.test_ai_features.TestAIEmailDrafting" name="test_draft_email_with_different_tones" time="13.608" /><testcase classname="backend.tests.test_ai_features.TestAIEmailDrafting" name="test_draft_email_with_different_purposes" time="20.776" /><testcase classname="backend.tests.test_ai_features.TestAIEmailDrafting" name="test_draft_email_with_custom_context" time="4.442" /><testcase classname="backend.tests.test_ai_features.TestLeadSummary" name="test_lead_summary_requires_valid_lead" time="0.586" /><testcase classname="backend.tests.test_ai_features.TestLeadSummary" name="test_lead_summary_generation" time="11.737" /><testcase classname="backend.tests.test_ai_features.TestDraftEmailWithLead" name="test_draft_email_for_specific_lead" time="3.921" /></testsuite></testsuites>