<?xml version="1.0" encoding="utf-8"?><testsuites name="pytest tests"><testsuite name="pytest" errors="0" failures="0" skipped="0" tests="19" time="3.894" timestamp="2026-02-21T01:24:12.661834+00:00" hostname="agent-env-d867bf04-8d07-4679-94e8-c8255bf384d2"><testcase classname="backend.tests.test_call_scheduling.TestCallSchedulingFeature" name="test_schedule_call_requires_auth" time="0.733" /><testcase classname="backend.tests.test_call_scheduling.TestCallSchedulingFeature" name="test_get_scheduled_calls_requires_auth" time="0.185" /><testcase classname="backend.tests.test_call_scheduling.TestCallSchedulingFeature" name="test_upcoming_calls_requires_auth" time="0.147" /><testcase classname="backend.tests.test_call_scheduling.TestCallSchedulingFeature" name="test_check_reminders_requires_auth" time="0.122" /><testcase classname="backend.tests.test_call_scheduling.TestCallSchedulingFeature" name="test_schedule_call_invalid_lead" time="0.110" /><testcase classname="backend.tests.test_call_scheduling.TestCallSchedulingFeature" name="test_schedule_call_past_date" time="0.117" /><testcase classname="backend.tests.test_call_scheduling.TestCallSchedulingFeature" name="test_schedule_call_invalid_date_format" time="0.110" /><testcase classname="backend.tests.test_call_scheduling.TestCallSchedulingFeature" name="test_schedule_call_success" time="0.100" /><testcase classname="backend.tests.test_call_scheduling.TestCallSchedulingFeature" name="test_get_scheduled_calls" time="0.157" /><testcase classname="backend.tests.test_call_scheduling.TestCallSchedulingFeature" name="test_get_scheduled_calls_with_status_filter" time="0.111" /><testcase classname="backend.tests.test_call_scheduling.TestCallSchedulingFeature" name="test_get_upcoming_calls" time="0.109" /><testcase classname="backend.tests.test_call_scheduling.TestCallSchedulingFeature" name="test_update_scheduled_call" time="0.129" /><testcase classname="backend.tests.test_call_scheduling.TestCallSchedulingFeature" name="test_update_scheduled_call_status" time="0.262" /><testcase classname="backend.tests.test_call_scheduling.TestCallSchedulingFeature" name="test_update_nonexistent_scheduled_call" time="0.105" /><testcase classname="backend.tests.test_call_scheduling.TestCallSchedulingFeature" name="test_check_reminders" time="0.167" /><testcase classname="backend.tests.test_call_scheduling.TestCallSchedulingFeature" name="test_delete_scheduled_call" time="0.363" /><testcase classname="backend.tests.test_call_scheduling.TestCallSchedulingFeature" name="test_delete_nonexistent_scheduled_call" time="0.112" /><testcase classname="backend.tests.test_call_scheduling.TestCallSchedulingDataPersistence" name="test_scheduled_call_appears_in_list_after_creation" time="0.348" /><testcase classname="backend.tests.test_call_scheduling.TestCallSchedulingDataPersistence" name="test_scheduled_call_fields_persist" time="0.331" /></testsuite></testsuites>