<?xml version="1.0" encoding="utf-8"?><testsuites name="pytest tests"><testsuite name="pytest" errors="0" failures="0" skipped="0" tests="10" time="3.120" timestamp="2026-02-20T21:14:38.726666+00:00" hostname="agent-env-d867bf04-8d07-4679-94e8-c8255bf384d2"><testcase classname="backend.tests.test_calls_pwa.TestPWAConfiguration" name="test_manifest_json_accessible" time="0.191" /><testcase classname="backend.tests.test_calls_pwa.TestPWAConfiguration" name="test_pwa_icons_exist" time="0.236" /><testcase classname="backend.tests.test_calls_pwa.TestCallsEndpoints" name="test_get_calls_unauthenticated" time="0.123" /><testcase classname="backend.tests.test_calls_pwa.TestCallsEndpoints" name="test_get_calls_authenticated" time="0.442" /><testcase classname="backend.tests.test_calls_pwa.TestCallsEndpoints" name="test_get_calls_stats_overview_unauthenticated" time="0.122" /><testcase classname="backend.tests.test_calls_pwa.TestCallsEndpoints" name="test_get_calls_stats_overview_authenticated" time="0.423" /><testcase classname="backend.tests.test_calls_pwa.TestCallsEndpoints" name="test_post_calls_initiate_unauthenticated" time="0.167" /><testcase classname="backend.tests.test_calls_pwa.TestCallsEndpoints" name="test_post_calls_initiate_twilio_not_configured" time="0.500" /><testcase classname="backend.tests.test_calls_pwa.TestLeadsPageCallIntegration" name="test_get_leads_with_phone" time="0.441" /><testcase classname="backend.tests.test_calls_pwa.TestCallDetailEndpoint" name="test_get_call_detail_not_found" time="0.409" /></testsuite></testsuites>