<?xml version="1.0" encoding="utf-8"?><testsuites name="pytest tests"><testsuite name="pytest" errors="0" failures="0" skipped="0" tests="18" time="9.271" timestamp="2026-02-20T17:37:18.103179+00:00" hostname="agent-env-f2e21f1d-99b9-4e78-9d7b-304b7b13f3cd"><testcase classname="backend.tests.test_chat_features.TestChatFeatures" name="test_get_channels_requires_auth" time="0.580" /><testcase classname="backend.tests.test_chat_features.TestChatFeatures" name="test_get_channels_returns_general_channel" time="0.412" /><testcase classname="backend.tests.test_chat_features.TestChatFeatures" name="test_create_new_channel" time="0.541" /><testcase classname="backend.tests.test_chat_features.TestChatFeatures" name="test_send_message_to_channel" time="0.464" /><testcase classname="backend.tests.test_chat_features.TestChatFeatures" name="test_get_channel_messages" time="0.417" /><testcase classname="backend.tests.test_chat_features.TestChatFeatures" name="test_edit_own_message" time="0.574" /><testcase classname="backend.tests.test_chat_features.TestChatFeatures" name="test_delete_own_message" time="0.950" /><testcase classname="backend.tests.test_chat_features.TestChatFeatures" name="test_add_reaction_to_message" time="0.544" /><testcase classname="backend.tests.test_chat_features.TestChatFeatures" name="test_toggle_reaction_off" time="0.550" /><testcase classname="backend.tests.test_chat_features.TestChatFeatures" name="test_send_message_with_reply" time="0.510" /><testcase classname="backend.tests.test_chat_features.TestChatFeatures" name="test_send_message_with_mention" time="0.485" /><testcase classname="backend.tests.test_chat_features.TestChatFeatures" name="test_poll_for_new_messages" time="0.629" /><testcase classname="backend.tests.test_chat_features.TestChatFeatures" name="test_get_notifications" time="0.417" /><testcase classname="backend.tests.test_chat_features.TestChatFeatures" name="test_mark_notification_read" time="0.403" /><testcase classname="backend.tests.test_chat_features.TestChatFeatures" name="test_mark_all_notifications_read" time="0.459" /><testcase classname="backend.tests.test_chat_features.TestChatErrorHandling" name="test_edit_nonexistent_message" time="0.492" /><testcase classname="backend.tests.test_chat_features.TestChatErrorHandling" name="test_delete_nonexistent_message" time="0.407" /><testcase classname="backend.tests.test_chat_features.TestChatErrorHandling" name="test_react_to_nonexistent_message" time="0.378" /></testsuite></testsuites>