<?xml version="1.0" encoding="utf-8"?><testsuites name="pytest tests"><testsuite name="pytest" errors="0" failures="0" skipped="0" tests="14" time="3.943" timestamp="2026-02-20T17:45:52.855673+00:00" hostname="agent-env-f2e21f1d-99b9-4e78-9d7b-304b7b13f3cd"><testcase classname="backend.tests.test_contextual_chat.TestContextualChatEndpoint" name="test_contextual_chat_requires_auth" time="0.394" /><testcase classname="backend.tests.test_contextual_chat.TestContextualChatEndpoint" name="test_contextual_chat_invalid_type" time="0.526" /><testcase classname="backend.tests.test_contextual_chat.TestContextualChatEndpoint" name="test_contextual_chat_nonexistent_lead" time="0.241" /><testcase classname="backend.tests.test_contextual_chat.TestContextualChatEndpoint" name="test_contextual_chat_nonexistent_deal" time="0.107" /><testcase classname="backend.tests.test_contextual_chat.TestLeadContextualChat" name="test_create_lead_contextual_channel" time="0.267" /><testcase classname="backend.tests.test_contextual_chat.TestLeadContextualChat" name="test_get_existing_lead_channel" time="0.254" /><testcase classname="backend.tests.test_contextual_chat.TestLeadContextualChat" name="test_lead_channel_contains_entity_info" time="0.121" /><testcase classname="backend.tests.test_contextual_chat.TestDealContextualChat" name="test_create_deal_contextual_channel" time="0.364" /><testcase classname="backend.tests.test_contextual_chat.TestDealContextualChat" name="test_deal_channel_contains_entity_info" time="0.114" /><testcase classname="backend.tests.test_contextual_chat.TestContextualChannelMessaging" name="test_send_message_to_lead_channel" time="0.246" /><testcase classname="backend.tests.test_contextual_chat.TestContextualChannelMessaging" name="test_send_message_to_deal_channel" time="0.338" /><testcase classname="backend.tests.test_contextual_chat.TestContextualChannelMessaging" name="test_get_messages_from_contextual_channel" time="0.179" /><testcase classname="backend.tests.test_contextual_chat.TestContextualChannelInChannelList" name="test_contextual_channel_appears_in_list" time="0.298" /><testcase classname="backend.tests.test_contextual_chat.TestContextualChannelInChannelList" name="test_deal_contextual_channel_appears_in_list" time="0.424" /></testsuite></testsuites>