<?xml version="1.0" encoding="utf-8"?><testsuites name="pytest tests"><testsuite name="pytest" errors="0" failures="0" skipped="0" tests="10" time="14.804" timestamp="2026-02-21T18:39:18.330800+00:00" hostname="agent-env-d867bf04-8d07-4679-94e8-c8255bf384d2"><testcase classname="backend.tests.test_lead_features.TestAuthSessionToken" name="test_auth_login_returns_token" time="0.398" /><testcase classname="backend.tests.test_lead_features.TestLeadsCRUD" name="test_get_leads_list" time="0.504" /><testcase classname="backend.tests.test_lead_features.TestLeadsCRUD" name="test_create_lead" time="0.169" /><testcase classname="backend.tests.test_lead_features.TestLeadsCRUD" name="test_get_lead_detail" time="0.248" /><testcase classname="backend.tests.test_lead_features.TestLeadsCRUD" name="test_update_lead" time="0.280" /><testcase classname="backend.tests.test_lead_features.TestAIScoring" name="test_score_lead_endpoint_exists" time="2.942" /><testcase classname="backend.tests.test_lead_features.TestAIScoring" name="test_score_lead_updates_lead" time="0.878" /><testcase classname="backend.tests.test_lead_features.TestAIEnrichment" name="test_enrich_lead_endpoint_exists" time="4.325" /><testcase classname="backend.tests.test_lead_features.TestAIEnrichment" name="test_enrich_lead_updates_lead" time="4.730" /><testcase classname="backend.tests.test_lead_features.TestCleanup" name="test_delete_test_leads" time="0.266" /></testsuite></testsuites>