<?xml version="1.0" encoding="utf-8"?><testsuites name="pytest tests"><testsuite name="pytest" errors="0" failures="0" skipped="0" tests="19" time="5.873" timestamp="2026-02-06T11:49:02.504274+00:00" hostname="agent-env-6e90bc49-1212-464d-ba20-d1f9c3dbd338"><testcase classname="backend.tests.test_subscription_payment.TestHealthAndBasics" name="test_api_health" time="0.075" /><testcase classname="backend.tests.test_subscription_payment.TestSubscriptionPlans" name="test_get_subscription_plans" time="0.039" /><testcase classname="backend.tests.test_subscription_payment.TestSupportContact" name="test_contact_form_submission" time="0.314" /><testcase classname="backend.tests.test_subscription_payment.TestSupportContact" name="test_contact_form_validation" time="0.080" /><testcase classname="backend.tests.test_subscription_payment.TestAuthentication" name="test_login_success" time="0.269" /><testcase classname="backend.tests.test_subscription_payment.TestDiscountCodes" name="test_create_discount_code" time="0.329" /><testcase classname="backend.tests.test_subscription_payment.TestDiscountCodes" name="test_validate_discount_code_json_body" time="0.345" /><testcase classname="backend.tests.test_subscription_payment.TestDiscountCodes" name="test_validate_invalid_discount_code" time="0.039" /><testcase classname="backend.tests.test_subscription_payment.TestSubscriptionCheckout" name="test_checkout_requires_auth" time="0.077" /><testcase classname="backend.tests.test_subscription_payment.TestSubscriptionCheckout" name="test_checkout_invalid_plan" time="0.308" /><testcase classname="backend.tests.test_subscription_payment.TestSubscriptionCheckout" name="test_checkout_monthly_plan" time="0.711" /><testcase classname="backend.tests.test_subscription_payment.TestSubscriptionCheckout" name="test_checkout_annual_plan" time="0.670" /><testcase classname="backend.tests.test_subscription_payment.TestSubscriptionCheckout" name="test_checkout_with_crypto" time="0.664" /><testcase classname="backend.tests.test_subscription_payment.TestPaymentStatus" name="test_status_invalid_session" time="0.208" /><testcase classname="backend.tests.test_subscription_payment.TestInvoices" name="test_get_invoices_requires_auth" time="0.036" /><testcase classname="backend.tests.test_subscription_payment.TestInvoices" name="test_get_invoices" time="0.300" /><testcase classname="backend.tests.test_subscription_payment.TestInvoices" name="test_get_invoice_not_found" time="0.306" /><testcase classname="backend.tests.test_subscription_payment.TestInvoices" name="test_get_invoice_html_not_found" time="0.316" /><testcase classname="backend.tests.test_subscription_payment.TestDiscountCodeIntegration" name="test_checkout_with_discount_code" time="0.724" /></testsuite></testsuites>