<?xml version="1.0" encoding="utf-8"?><testsuites name="pytest tests"><testsuite name="pytest" errors="0" failures="0" skipped="0" tests="24" time="6.348" timestamp="2026-02-06T11:23:39.687686+00:00" hostname="agent-env-6e90bc49-1212-464d-ba20-d1f9c3dbd338"><testcase classname="tests.test_new_features.TestHealthCheck" name="test_api_health" time="0.065" /><testcase classname="tests.test_new_features.TestSupportContactForm" name="test_contact_form_submission" time="0.051" /><testcase classname="tests.test_new_features.TestSupportContactForm" name="test_contact_form_validation" time="0.039" /><testcase classname="tests.test_new_features.TestAuthentication" name="test_super_admin_login" time="0.272" /><testcase classname="tests.test_new_features.TestAdminSettings" name="test_get_platform_settings" time="0.312" /><testcase classname="tests.test_new_features.TestAdminSettings" name="test_update_platform_settings" time="0.374" /><testcase classname="tests.test_new_features.TestAdminSettings" name="test_settings_stripe_key" time="0.302" /><testcase classname="tests.test_new_features.TestAdminSettings" name="test_settings_paypal" time="0.302" /><testcase classname="tests.test_new_features.TestAdminSettings" name="test_settings_crypto_wallet" time="0.300" /><testcase classname="tests.test_new_features.TestAdminSettings" name="test_settings_unauthorized" time="0.042" /><testcase classname="tests.test_new_features.TestDealsWithFilters" name="test_create_deal_with_mandatory_task" time="0.344" /><testcase classname="tests.test_new_features.TestDealsWithFilters" name="test_create_deal_without_task_fails" time="0.303" /><testcase classname="tests.test_new_features.TestDealsWithFilters" name="test_deals_filter_by_stage" time="0.297" /><testcase classname="tests.test_new_features.TestDealsWithFilters" name="test_deals_filter_by_tag" time="0.303" /><testcase classname="tests.test_new_features.TestDealsWithFilters" name="test_deals_filter_by_owner" time="0.378" /><testcase classname="tests.test_new_features.TestDealsWithFilters" name="test_get_deal_tags" time="0.294" /><testcase classname="tests.test_new_features.TestTasksWithFilters" name="test_tasks_filter_by_status" time="0.302" /><testcase classname="tests.test_new_features.TestTasksWithFilters" name="test_tasks_filter_by_owner" time="0.331" /><testcase classname="tests.test_new_features.TestTasksWithFilters" name="test_create_task" time="0.338" /><testcase classname="tests.test_new_features.TestPipelineReport" name="test_pipeline_report" time="0.338" /><testcase classname="tests.test_new_features.TestPipelineReport" name="test_team_summary_admin" time="0.338" /><testcase classname="tests.test_new_features.TestPipelineReport" name="test_pipeline_report_unauthorized" time="0.039" /><testcase classname="tests.test_new_features.TestSettingsStages" name="test_get_stages" time="0.294" /><testcase classname="tests.test_new_features.TestCleanup" name="test_cleanup_test_deals" time="0.299" /></testsuite></testsuites>