<?xml version="1.0" encoding="utf-8"?><testsuites name="pytest tests"><testsuite name="pytest" errors="0" failures="0" skipped="0" tests="23" time="12.894" timestamp="2026-02-20T18:38:37.665992+00:00" hostname="agent-env-f2e21f1d-99b9-4e78-9d7b-304b7b13f3cd"><testcase classname="tests.test_team_invitations.TestTeamInvitations" name="test_generate_invite_link_success" time="0.517" /><testcase classname="tests.test_team_invitations.TestTeamInvitations" name="test_generate_invite_link_as_admin_role" time="0.417" /><testcase classname="tests.test_team_invitations.TestTeamInvitations" name="test_generate_invite_link_invalid_role" time="0.453" /><testcase classname="tests.test_team_invitations.TestTeamInvitations" name="test_generate_invite_link_requires_auth" time="0.497" /><testcase classname="tests.test_team_invitations.TestTeamInvitations" name="test_send_email_invitations_success" time="0.674" /><testcase classname="tests.test_team_invitations.TestTeamInvitations" name="test_send_email_invitations_multiple_emails" time="0.820" /><testcase classname="tests.test_team_invitations.TestTeamInvitations" name="test_send_email_invitations_invalid_email" time="0.540" /><testcase classname="tests.test_team_invitations.TestTeamInvitations" name="test_send_email_invitations_requires_auth" time="0.448" /><testcase classname="tests.test_team_invitations.TestTeamInvitations" name="test_get_pending_invites_success" time="0.430" /><testcase classname="tests.test_team_invitations.TestTeamInvitations" name="test_get_pending_invites_requires_auth" time="0.486" /><testcase classname="tests.test_team_invitations.TestTeamInvitations" name="test_revoke_invite_success" time="0.512" /><testcase classname="tests.test_team_invitations.TestTeamInvitations" name="test_revoke_invite_not_found" time="0.394" /><testcase classname="tests.test_team_invitations.TestTeamInvitations" name="test_revoke_invite_requires_auth" time="0.452" /><testcase classname="tests.test_team_invitations.TestTeamInvitations" name="test_validate_invite_code_success" time="0.513" /><testcase classname="tests.test_team_invitations.TestTeamInvitations" name="test_validate_invite_code_invalid" time="0.587" /><testcase classname="tests.test_team_invitations.TestTeamInvitations" name="test_validate_known_invite_code" time="0.465" /><testcase classname="tests.test_team_invitations.TestTeamInvitations" name="test_signup_with_invite_code" time="0.754" /><testcase classname="tests.test_team_invitations.TestTeamInvitations" name="test_signup_with_invalid_invite_code" time="0.470" /><testcase classname="tests.test_team_invitations.TestTeamInvitations" name="test_signup_without_invite_creates_no_org" time="0.712" /><testcase classname="tests.test_team_invitations.TestTeamInvitations" name="test_signup_with_org_name_creates_org" time="0.768" /><testcase classname="tests.test_team_invitations.TestCSVImport" name="test_csv_import_success" time="0.977" /><testcase classname="tests.test_team_invitations.TestCSVImport" name="test_csv_import_invalid_file_type" time="0.469" /><testcase classname="tests.test_team_invitations.TestCSVImport" name="test_csv_import_no_valid_emails" time="0.450" /></testsuite></testsuites>