<?xml version="1.0" encoding="utf-8"?><testsuites name="pytest tests"><testsuite name="pytest" errors="0" failures="0" skipped="0" tests="13" time="3.697" timestamp="2026-02-22T01:17:16.739300+00:00" hostname="agent-env-d867bf04-8d07-4679-94e8-c8255bf384d2"><testcase classname="backend.tests.test_new_features_v19.TestContactsCRUD" name="test_get_contacts_list" time="0.539" /><testcase classname="backend.tests.test_new_features_v19.TestContactsCRUD" name="test_create_contact" time="0.106" /><testcase classname="backend.tests.test_new_features_v19.TestContactsCRUD" name="test_get_single_contact" time="0.224" /><testcase classname="backend.tests.test_new_features_v19.TestContactsCRUD" name="test_update_contact" time="0.309" /><testcase classname="backend.tests.test_new_features_v19.TestContactsCRUD" name="test_delete_contact" time="0.368" /><testcase classname="backend.tests.test_new_features_v19.TestLeadToContactConversion" name="test_convert_lead_to_contact" time="0.323" /><testcase classname="backend.tests.test_new_features_v19.TestLeadToContactConversion" name="test_convert_lead_with_deal_id" time="0.391" /><testcase classname="backend.tests.test_new_features_v19.TestChatArchive" name="test_archive_channel_admin_only" time="0.222" /><testcase classname="backend.tests.test_new_features_v19.TestChatArchive" name="test_archived_channel_not_in_list" time="0.330" /><testcase classname="backend.tests.test_new_features_v19.TestChatContextualChannels" name="test_get_lead_context_channel" time="0.216" /><testcase classname="backend.tests.test_new_features_v19.TestTasksRegression" name="test_get_tasks_with_assignee" time="0.141" /><testcase classname="backend.tests.test_new_features_v19.TestTasksRegression" name="test_tasks_filter_by_assignee" time="0.226" /><testcase classname="backend.tests.test_new_features_v19.TestLeadStatusOptions" name="test_lead_status_converted" time="0.226" /></testsuite></testsuites>