<?xml version="1.0" encoding="utf-8"?><testsuites name="pytest tests"><testsuite name="pytest" errors="0" failures="0" skipped="0" tests="14" time="11.779" timestamp="2026-02-22T10:24:17.828629+00:00" hostname="agent-env-d867bf04-8d07-4679-94e8-c8255bf384d2"><testcase classname="backend.tests.test_new_features_v20.TestBulkDelete" name="test_bulk_delete_contacts" time="0.790" /><testcase classname="backend.tests.test_new_features_v20.TestBulkDelete" name="test_bulk_delete_leads" time="0.324" /><testcase classname="backend.tests.test_new_features_v20.TestBulkDelete" name="test_bulk_delete_invalid_type" time="0.097" /><testcase classname="backend.tests.test_new_features_v20.TestBulkUpdate" name="test_bulk_update_leads" time="0.929" /><testcase classname="backend.tests.test_new_features_v20.TestBulkAddToCampaign" name="test_bulk_add_leads_to_campaign" time="0.873" /><testcase classname="backend.tests.test_new_features_v20.TestContactsImportCSV" name="test_import_contacts_csv" time="0.662" /><testcase classname="backend.tests.test_new_features_v20.TestDealWithLinkedEntities" name="test_create_deal_with_lead" time="0.651" /><testcase classname="backend.tests.test_new_features_v20.TestDealWithLinkedEntities" name="test_create_deal_with_contact" time="0.307" /><testcase classname="backend.tests.test_new_features_v20.TestDealWithLinkedEntities" name="test_create_deal_with_company" time="0.332" /><testcase classname="backend.tests.test_new_features_v20.TestContactManualCreation" name="test_create_contact_manual" time="0.558" /><testcase classname="backend.tests.test_new_features_v20.TestBulkEnrich" name="test_bulk_enrich_endpoint_exists" time="5.536" /><testcase classname="backend.tests.test_new_features_v20.TestGetLeadsContactsCompanies" name="test_get_leads" time="0.447" /><testcase classname="backend.tests.test_new_features_v20.TestGetLeadsContactsCompanies" name="test_get_contacts" time="0.118" /><testcase classname="backend.tests.test_new_features_v20.TestGetLeadsContactsCompanies" name="test_get_companies" time="0.097" /></testsuite></testsuites>