<?xml version="1.0" encoding="utf-8"?><testsuites name="pytest tests"><testsuite name="pytest" errors="0" failures="0" skipped="0" tests="18" time="7.343" timestamp="2026-02-22T11:46:09.404368+00:00" hostname="agent-env-d867bf04-8d07-4679-94e8-c8255bf384d2"><testcase classname="backend.tests.test_comprehensive_v21.TestAuth" name="test_login_success" time="0.348" /><testcase classname="backend.tests.test_comprehensive_v21.TestAuth" name="test_login_invalid_credentials" time="0.112" /><testcase classname="backend.tests.test_comprehensive_v21.TestCompanies" name="test_get_companies" time="0.431" /><testcase classname="backend.tests.test_comprehensive_v21.TestCompanies" name="test_create_company" time="0.439" /><testcase classname="backend.tests.test_comprehensive_v21.TestLeads" name="test_get_leads" time="0.452" /><testcase classname="backend.tests.test_comprehensive_v21.TestContacts" name="test_get_contacts" time="0.495" /><testcase classname="backend.tests.test_comprehensive_v21.TestDeals" name="test_get_deals" time="0.450" /><testcase classname="backend.tests.test_comprehensive_v21.TestTasks" name="test_get_tasks" time="0.429" /><testcase classname="backend.tests.test_comprehensive_v21.TestCalls" name="test_get_calls" time="0.432" /><testcase classname="backend.tests.test_comprehensive_v21.TestCalls" name="test_get_call_stats" time="0.443" /><testcase classname="backend.tests.test_comprehensive_v21.TestChatChannels" name="test_get_channels" time="0.430" /><testcase classname="backend.tests.test_comprehensive_v21.TestDashboard" name="test_get_dashboard_stats" time="0.462" /><testcase classname="backend.tests.test_comprehensive_v21.TestAdmin" name="test_get_admin_users" time="0.450" /><testcase classname="backend.tests.test_comprehensive_v21.TestAdmin" name="test_get_admin_organizations" time="0.427" /><testcase classname="backend.tests.test_comprehensive_v21.TestAdmin" name="test_get_contact_requests" time="0.433" /><testcase classname="backend.tests.test_comprehensive_v21.TestBulkOperations" name="test_bulk_delete_endpoint_exists" time="0.471" /><testcase classname="backend.tests.test_comprehensive_v21.TestBulkOperations" name="test_bulk_update_endpoint_exists" time="0.448" /><testcase classname="backend.tests.test_comprehensive_v21.TestHealth" name="test_health_endpoint" time="0.117" /></testsuite></testsuites>