<?xml version="1.0" encoding="utf-8"?><testsuites name="pytest tests"><testsuite name="pytest" errors="0" failures="0" skipped="0" tests="23" time="7.000" timestamp="2026-03-01T14:31:46.329809+00:00" hostname="agent-env-d867bf04-8d07-4679-94e8-c8255bf384d2"><testcase classname="backend.tests.test_v22_comprehensive.TestAuthEndpoints" name="test_login_success" time="0.363" /><testcase classname="backend.tests.test_v22_comprehensive.TestAuthEndpoints" name="test_login_invalid_credentials" time="0.112" /><testcase classname="backend.tests.test_v22_comprehensive.TestAuthEndpoints" name="test_session_endpoint_returns_token" time="0.559" /><testcase classname="backend.tests.test_v22_comprehensive.TestLeadsEndpoints" name="test_get_leads" time="0.476" /><testcase classname="backend.tests.test_v22_comprehensive.TestLeadsEndpoints" name="test_create_lead" time="0.144" /><testcase classname="backend.tests.test_v22_comprehensive.TestLeadsEndpoints" name="test_get_single_lead" time="0.212" /><testcase classname="backend.tests.test_v22_comprehensive.TestContactsEndpoints" name="test_get_contacts" time="0.499" /><testcase classname="backend.tests.test_v22_comprehensive.TestContactsEndpoints" name="test_create_contact" time="0.110" /><testcase classname="backend.tests.test_v22_comprehensive.TestDealsEndpoints" name="test_get_deals" time="0.446" /><testcase classname="backend.tests.test_v22_comprehensive.TestDealsEndpoints" name="test_get_deal_tags" time="0.110" /><testcase classname="backend.tests.test_v22_comprehensive.TestTasksEndpoints" name="test_get_tasks" time="0.473" /><testcase classname="backend.tests.test_v22_comprehensive.TestCompaniesEndpoints" name="test_get_companies" time="0.490" /><testcase classname="backend.tests.test_v22_comprehensive.TestChatEndpoints" name="test_get_chat_channels" time="0.468" /><testcase classname="backend.tests.test_v22_comprehensive.TestCallsEndpoints" name="test_get_calls" time="0.446" /><testcase classname="backend.tests.test_v22_comprehensive.TestCallsEndpoints" name="test_get_calls_stats" time="0.123" /><testcase classname="backend.tests.test_v22_comprehensive.TestAdminEndpoints" name="test_admin_stats" time="0.442" /><testcase classname="backend.tests.test_v22_comprehensive.TestAdminEndpoints" name="test_admin_users" time="0.107" /><testcase classname="backend.tests.test_v22_comprehensive.TestAdminEndpoints" name="test_admin_organizations" time="0.098" /><testcase classname="backend.tests.test_v22_comprehensive.TestAdminEndpoints" name="test_admin_data_explorer" time="0.115" /><testcase classname="backend.tests.test_v22_comprehensive.TestDashboardEndpoints" name="test_dashboard_stats" time="0.476" /><testcase classname="backend.tests.test_v22_comprehensive.TestBulkEndpoints" name="test_bulk_delete_endpoint_exists" time="0.435" /><testcase classname="backend.tests.test_v22_comprehensive.TestCORSConfig" name="test_cors_headers" time="0.075" /><testcase classname="backend.tests.test_v22_comprehensive.TestHealthEndpoint" name="test_health" time="0.115" /></testsuite></testsuites>